c:\users\100672027\documents\mafiahouse\mafia house - electric lemon studios\proj.win32\debug.win32\grouplogo.obj
c:\users\100672027\documents\mafiahouse\mafia house - electric lemon studios\proj.win32\debug.win32\inputhandler.obj
c:\users\100672027\documents\mafiahouse\mafia house - electric lemon studios\proj.win32\debug.win32\displayhandler.obj
c:\users\100672027\documents\mafiahouse\mafia house - electric lemon studios\proj.win32\debug.win32\menuscreen.obj
c:\users\100672027\documents\mafiahouse\mafia house - electric lemon studios\proj.win32\debug.win32\appdelegate.obj
c:\users\100672027\documents\mafiahouse\mafia house - electric lemon studios\proj.win32\debug.win32\helloworldscene.obj
c:\users\100672027\documents\mafiahouse\mafia house - electric lemon studios\proj.win32\debug.win32\cocologo.obj
c:\users\100672027\documents\mafiahouse\mafia house - electric lemon studios\proj.win32\debug.win32\startscreen.obj
c:\users\100672027\documents\mafiahouse\mafia house - electric lemon studios\proj.win32\debug.win32\main.obj
c:\users\100672027\documents\mafiahouse\mafia house - electric lemon studios\proj.win32\debug.win32\vc141.pdb
c:\users\100672027\documents\mafiahouse\mafia house - electric lemon studios\proj.win32\debug.win32\vc141.idb
c:\users\100672027\documents\mafiahouse\mafia house - electric lemon studios\proj.win32\debug.win32\item.obj
c:\users\100672027\documents\mafiahouse\mafia house - electric lemon studios\proj.win32\debug.win32\enemy.obj
c:\users\100672027\documents\mafiahouse\mafia house - electric lemon studios\proj.win32\debug.win32\object.obj
c:\users\100672027\documents\mafiahouse\mafia house - electric lemon studios\proj.win32\debug.win32\tutorial.obj
c:\users\100672027\documents\mafiahouse\mafia house - electric lemon studios\proj.win32\debug.win32\block.obj
c:\users\100672027\documents\mafiahouse\mafia house - electric lemon studios\proj.win32\debug.win32\player.obj
c:\users\100672027\documents\mafiahouse\mafia house - electric lemon studios\proj.win32\debug.win32\mafia house - electric lemon studios.exe
c:\users\100672027\documents\mafiahouse\mafia house - electric lemon studios\proj.win32\debug.win32\mafia house - electric lemon studios.ilk
c:\users\100672027\documents\mafiahouse\mafia house - electric lemon studios\proj.win32\debug.win32\mafia house - electric lemon studios.pdb
c:\users\100672027\documents\mafiahouse\mafia house - electric lemon studios\proj.win32\debug.win32\mafia house - electric lemon studios.lib
c:\users\100672027\documents\mafiahouse\mafia house - electric lemon studios\proj.win32\debug.win32\mafia house - electric lemon studios.exp
c:\users\100672027\documents\mafiahouse\mafia house - electric lemon studios\proj.win32\mafia house - electric lemon studios.cab
c:\users\100672027\documents\mafiahouse\mafia house - electric lemon studios\proj.win32\debug.win32\game.res
c:\users\100672027\documents\mafiahouse\mafia house - electric lemon studios\proj.win32\debug.win32\mainmenu.obj
c:\users\100672027\documents\mafiahouse\mafia house - electric lemon studios\proj.win32\debug.win32\mafia ho.76a39bb2.tlog\cl.command.1.tlog
c:\users\100672027\documents\mafiahouse\mafia house - electric lemon studios\proj.win32\debug.win32\mafia ho.76a39bb2.tlog\cl.read.1.tlog
c:\users\100672027\documents\mafiahouse\mafia house - electric lemon studios\proj.win32\debug.win32\mafia ho.76a39bb2.tlog\cl.write.1.tlog
c:\users\100672027\documents\mafiahouse\mafia house - electric lemon studios\proj.win32\debug.win32\mafia ho.76a39bb2.tlog\link.command.1.tlog
c:\users\100672027\documents\mafiahouse\mafia house - electric lemon studios\proj.win32\debug.win32\mafia ho.76a39bb2.tlog\link.delete.1.tlog
c:\users\100672027\documents\mafiahouse\mafia house - electric lemon studios\proj.win32\debug.win32\mafia ho.76a39bb2.tlog\link.read.1.tlog
c:\users\100672027\documents\mafiahouse\mafia house - electric lemon studios\proj.win32\debug.win32\mafia ho.76a39bb2.tlog\link.write.1.tlog
c:\users\100672027\documents\mafiahouse\mafia house - electric lemon studios\proj.win32\debug.win32\mafia ho.76a39bb2.tlog\mafia house - electric lemon studios.write.1u.tlog
c:\users\100672027\documents\mafiahouse\mafia house - electric lemon studios\proj.win32\debug.win32\mafia ho.76a39bb2.tlog\rc.command.1.tlog
c:\users\100672027\documents\mafiahouse\mafia house - electric lemon studios\proj.win32\debug.win32\mafia ho.76a39bb2.tlog\rc.read.1.tlog
c:\users\100672027\documents\mafiahouse\mafia house - electric lemon studios\proj.win32\debug.win32\mafia ho.76a39bb2.tlog\rc.write.1.tlog
